2025-05-02 16:10:30,803 - app.core.excel.merger - INFO - 初始化PurchaseOrderMerger
2025-05-02 16:10:30,805 - app.core.excel.merger - INFO - 初始化完成，模板文件: templates\银豹-采购单模板.xls
2025-05-02 16:11:05,080 - app.core.excel.merger - INFO - 初始化PurchaseOrderMerger
2025-05-02 16:11:05,082 - app.core.excel.merger - INFO - 初始化完成，模板文件: templates\银豹-采购单模板.xls
2025-05-02 16:15:14,540 - app.core.excel.merger - INFO - 初始化PurchaseOrderMerger
2025-05-02 16:15:14,541 - app.core.excel.merger - INFO - 初始化完成，模板文件: templates\银豹-采购单模板.xls
2025-05-02 16:24:57,646 - app.core.excel.merger - INFO - 初始化PurchaseOrderMerger
2025-05-02 16:24:57,648 - app.core.excel.merger - INFO - 初始化完成，模板文件: templates\银豹-采购单模板.xls
2025-05-02 16:34:26,013 - app.core.excel.merger - INFO - 初始化PurchaseOrderMerger
2025-05-02 16:34:26,014 - app.core.excel.merger - INFO - 初始化完成，模板文件: templates\银豹-采购单模板.xls
2025-05-02 16:34:29,402 - app.core.excel.merger - INFO - 搜索目录 D:\My Documents\python\orc-order-v2\output 中的采购单Excel文件
2025-05-02 16:34:29,403 - app.core.excel.merger - INFO - 找到 1 个采购单Excel文件
2025-05-02 16:34:29,403 - app.core.excel.merger - INFO - 搜索目录 D:\My Documents\python\orc-order-v2\output 中的采购单Excel文件
2025-05-02 16:34:29,404 - app.core.excel.merger - INFO - 找到 1 个采购单Excel文件
2025-05-02 16:34:29,408 - app.core.excel.merger - INFO - 成功读取采购单文件: D:\My Documents\python\orc-order-v2\output\采购单_微信图片_20250227193150(1)_20250502163429.xls
2025-05-02 16:34:29,410 - app.core.excel.merger - INFO - 列名映射结果: {'条码': '条码（必填）', '采购量': '采购量（必填）', '采购单价': '采购单价（必填）', '赠送量': '赠送量'}
2025-05-02 16:34:29,410 - app.core.excel.merger - INFO - 开始合并 1 个采购单文件
2025-05-02 16:34:29,411 - app.core.excel.merger - WARNING - 数据帧 0 缺少必要的列: ['条码', '采购量', '采购单价']
2025-05-02 16:34:29,411 - app.core.excel.merger - WARNING - 没有有效的数据帧用于合并
2025-05-02 16:34:29,411 - app.core.excel.merger - ERROR - 合并采购单失败
2025-05-02 16:55:26,480 - app.core.excel.merger - INFO - 初始化PurchaseOrderMerger
2025-05-02 16:55:26,481 - app.core.excel.merger - INFO - 初始化完成，模板文件: templates\银豹-采购单模板.xls
2025-05-02 17:08:58,655 - app.core.excel.merger - INFO - 初始化PurchaseOrderMerger
2025-05-02 17:08:58,656 - app.core.excel.merger - INFO - 初始化完成，模板文件: templates\银豹-采购单模板.xls
2025-05-02 17:10:09,223 - app.core.excel.merger - INFO - 初始化PurchaseOrderMerger
2025-05-02 17:10:09,224 - app.core.excel.merger - INFO - 初始化完成，模板文件: templates\银豹-采购单模板.xls
2025-05-02 17:16:24,477 - app.core.excel.merger - INFO - 初始化PurchaseOrderMerger
2025-05-02 17:16:24,478 - app.core.excel.merger - INFO - 初始化完成，模板文件: templates\银豹-采购单模板.xls
2025-05-02 17:32:36,463 - app.core.excel.merger - INFO - 初始化PurchaseOrderMerger
2025-05-02 17:32:36,464 - app.core.excel.merger - INFO - 初始化完成，模板文件: templates\银豹-采购单模板.xls
2025-05-02 17:40:07,688 - app.core.excel.merger - INFO - 初始化PurchaseOrderMerger
2025-05-02 17:40:07,688 - app.core.excel.merger - INFO - 初始化完成，模板文件: templates\银豹-采购单模板.xls
2025-05-02 17:42:15,226 - app.core.excel.merger - INFO - 初始化PurchaseOrderMerger
2025-05-02 17:42:15,226 - app.core.excel.merger - INFO - 初始化完成，模板文件: templates\银豹-采购单模板.xls
2025-05-02 17:57:41,816 - app.core.excel.merger - INFO - 初始化PurchaseOrderMerger
2025-05-02 17:57:41,817 - app.core.excel.merger - INFO - 初始化完成，模板文件: templates\银豹-采购单模板.xls
2025-05-02 18:00:56,507 - app.core.excel.merger - INFO - 初始化PurchaseOrderMerger
2025-05-02 18:00:56,508 - app.core.excel.merger - INFO - 初始化完成，模板文件: templates\银豹-采购单模板.xls
2025-05-02 18:01:27,764 - app.core.excel.merger - INFO - 初始化PurchaseOrderMerger
2025-05-02 18:01:27,765 - app.core.excel.merger - INFO - 初始化完成，模板文件: templates\银豹-采购单模板.xls
2025-05-02 18:01:40,471 - app.core.excel.merger - INFO - 初始化PurchaseOrderMerger
2025-05-02 18:01:40,472 - app.core.excel.merger - INFO - 初始化完成，模板文件: templates\银豹-采购单模板.xls
2025-05-02 18:16:10,313 - app.core.excel.merger - INFO - 初始化PurchaseOrderMerger
2025-05-02 18:16:10,314 - app.core.excel.merger - INFO - 初始化完成，模板文件: templates\银豹-采购单模板.xls
2025-05-02 18:27:30,081 - app.core.excel.merger - INFO - 初始化PurchaseOrderMerger
2025-05-02 18:27:30,082 - app.core.excel.merger - INFO - 初始化完成，模板文件: templates\银豹-采购单模板.xls
2025-05-02 18:31:29,327 - app.core.excel.merger - INFO - 初始化PurchaseOrderMerger
2025-05-02 18:31:29,328 - app.core.excel.merger - INFO - 初始化完成，模板文件: templates\银豹-采购单模板.xls
2025-05-02 18:33:05,101 - app.core.excel.merger - INFO - 初始化PurchaseOrderMerger
2025-05-02 18:33:05,103 - app.core.excel.merger - INFO - 初始化完成，模板文件: templates\银豹-采购单模板.xls
2025-05-02 18:38:52,880 - app.core.excel.merger - INFO - 初始化PurchaseOrderMerger
2025-05-02 18:38:52,881 - app.core.excel.merger - INFO - 初始化完成，模板文件: templates\银豹-采购单模板.xls
2025-05-02 18:41:16,743 - app.core.excel.merger - INFO - 初始化PurchaseOrderMerger
2025-05-02 18:41:16,743 - app.core.excel.merger - INFO - 初始化完成，模板文件: templates\银豹-采购单模板.xls
2025-05-02 19:15:17,472 - app.core.excel.merger - INFO - 初始化PurchaseOrderMerger
2025-05-02 19:15:17,472 - app.core.excel.merger - INFO - 初始化完成，模板文件: templates\银豹-采购单模板.xls
2025-05-02 19:15:43,268 - app.core.excel.merger - INFO - 初始化PurchaseOrderMerger
2025-05-02 19:15:43,269 - app.core.excel.merger - INFO - 初始化完成，模板文件: templates\银豹-采购单模板.xls
2025-05-02 19:33:54,963 - app.core.excel.merger - INFO - 初始化PurchaseOrderMerger
2025-05-02 19:33:54,964 - app.core.excel.merger - INFO - 初始化完成，模板文件: templates\银豹-采购单模板.xls
2025-05-02 19:35:48,763 - app.core.excel.merger - INFO - 初始化PurchaseOrderMerger
2025-05-02 19:35:48,764 - app.core.excel.merger - INFO - 初始化完成，模板文件: templates\银豹-采购单模板.xls
2025-05-02 19:36:15,985 - app.core.excel.merger - INFO - 初始化PurchaseOrderMerger
2025-05-02 19:36:15,986 - app.core.excel.merger - INFO - 初始化完成，模板文件: templates\银豹-采购单模板.xls
2025-05-02 19:42:19,206 - app.core.excel.merger - INFO - 初始化PurchaseOrderMerger
2025-05-02 19:42:19,207 - app.core.excel.merger - INFO - 初始化完成，模板文件: templates\银豹-采购单模板.xls
2025-05-02 19:42:36,440 - app.core.excel.merger - INFO - 搜索目录 D:\My Documents\python\orc-order-v2\data\output 中的采购单Excel文件
2025-05-02 19:42:36,441 - app.core.excel.merger - INFO - 找到 1 个采购单Excel文件
2025-05-02 19:42:36,441 - app.core.excel.merger - INFO - 搜索目录 D:\My Documents\python\orc-order-v2\data\output 中的采购单Excel文件
2025-05-02 19:42:36,442 - app.core.excel.merger - INFO - 找到 1 个采购单Excel文件
2025-05-02 19:42:36,451 - app.core.excel.merger - INFO - 成功读取采购单文件: D:\My Documents\python\orc-order-v2\data\output\采购单_微信图片_20250502191502.xls
2025-05-02 19:42:36,455 - app.core.excel.merger - INFO - 列名映射结果: {'条码': '条码（必填）', '采购量': '采购量（必填）', '采购单价': '采购单价（必填）', '赠送量': '赠送量'}
2025-05-02 19:42:36,456 - app.core.excel.merger - INFO - 开始合并 1 个采购单文件
2025-05-02 19:42:36,456 - app.core.excel.merger - WARNING - 数据帧 0 缺少必要的列: ['条码', '采购量', '采购单价']
2025-05-02 19:42:36,456 - app.core.excel.merger - WARNING - 没有有效的数据帧用于合并
2025-05-02 19:42:36,457 - app.core.excel.merger - ERROR - 合并采购单失败
2025-05-02 19:53:27,941 - app.core.excel.merger - INFO - 初始化PurchaseOrderMerger
2025-05-02 19:53:27,941 - app.core.excel.merger - INFO - 初始化完成，模板文件: templates\银豹-采购单模板.xls
2025-05-02 19:53:47,770 - app.core.excel.merger - INFO - 搜索目录 D:\My Documents\python\orc-order-v2\data\output 中的采购单Excel文件
2025-05-02 19:53:47,771 - app.core.excel.merger - INFO - 找到 1 个采购单Excel文件
2025-05-02 19:53:47,771 - app.core.excel.merger - INFO - 搜索目录 D:\My Documents\python\orc-order-v2\data\output 中的采购单Excel文件
2025-05-02 19:53:47,772 - app.core.excel.merger - INFO - 找到 1 个采购单Excel文件
2025-05-02 19:53:47,780 - app.core.excel.merger - INFO - 成功读取采购单文件: D:\My Documents\python\orc-order-v2\data\output\采购单_微信图片_20250502191502.xls
2025-05-02 19:53:47,784 - app.core.excel.merger - INFO - 列名映射结果: {'条码': '条码（必填）', '采购量': '采购量（必填）', '采购单价': '采购单价（必填）', '赠送量': '赠送量'}
2025-05-02 19:53:47,784 - app.core.excel.merger - INFO - 开始合并 1 个采购单文件
2025-05-02 19:53:47,785 - app.core.excel.merger - WARNING - 数据帧 0 缺少必要的列: ['条码', '采购量', '采购单价']
2025-05-02 19:53:47,785 - app.core.excel.merger - WARNING - 没有有效的数据帧用于合并
2025-05-02 19:53:47,785 - app.core.excel.merger - ERROR - 合并采购单失败
2025-05-02 20:52:59,673 - app.core.excel.merger - INFO - 初始化PurchaseOrderMerger
2025-05-02 20:52:59,674 - app.core.excel.merger - INFO - 初始化完成，模板文件: templates\银豹-采购单模板.xls
2025-05-02 20:53:07,428 - app.core.excel.merger - INFO - 搜索目录 D:\My Documents\python\orc-order-v2\data\output 中的采购单Excel文件
2025-05-02 20:53:07,430 - app.core.excel.merger - INFO - 找到 1 个采购单Excel文件
2025-05-02 20:53:07,433 - app.core.excel.merger - INFO - 搜索目录 D:\My Documents\python\orc-order-v2\data\output 中的采购单Excel文件
2025-05-02 20:53:07,434 - app.core.excel.merger - INFO - 找到 1 个采购单Excel文件
2025-05-02 20:53:07,465 - app.core.excel.merger - INFO - 成功读取采购单文件: D:\My Documents\python\orc-order-v2\data\output\采购单_微信图片_20250502205251.xls
2025-05-02 20:53:07,467 - app.core.excel.merger - INFO - 列名映射结果: {'条码': '条码（必填）', '采购量': '采购量（必填）', '采购单价': '采购单价（必填）', '赠送量': '赠送量'}
2025-05-02 20:53:07,469 - app.core.excel.merger - INFO - 开始合并 1 个采购单文件
2025-05-02 20:53:07,469 - app.core.excel.merger - WARNING - 数据帧 0 缺少必要的列: ['条码', '采购量', '采购单价']
2025-05-02 20:53:07,470 - app.core.excel.merger - WARNING - 没有有效的数据帧用于合并
2025-05-02 20:53:07,470 - app.core.excel.merger - ERROR - 合并采购单失败
2025-05-02 21:02:57,317 - app.core.excel.merger - INFO - 初始化PurchaseOrderMerger
2025-05-02 21:02:57,317 - app.core.excel.merger - INFO - 初始化完成，模板文件: templates\银豹-采购单模板.xls
2025-05-02 21:04:06,634 - app.core.excel.merger - INFO - 初始化PurchaseOrderMerger
2025-05-02 21:04:06,635 - app.core.excel.merger - INFO - 初始化完成，模板文件: templates\银豹-采购单模板.xls
2025-05-02 21:07:29,006 - app.core.excel.merger - INFO - 初始化PurchaseOrderMerger
2025-05-02 21:07:29,007 - app.core.excel.merger - INFO - 初始化完成，模板文件: templates\银豹-采购单模板.xls
2025-05-02 21:10:08,470 - app.core.excel.merger - INFO - 初始化PurchaseOrderMerger
2025-05-02 21:10:08,471 - app.core.excel.merger - INFO - 初始化完成，模板文件: templates\银豹-采购单模板.xls
2025-05-02 21:11:03,185 - app.core.excel.merger - INFO - 初始化PurchaseOrderMerger
2025-05-02 21:11:03,186 - app.core.excel.merger - INFO - 初始化完成，模板文件: templates\银豹-采购单模板.xls
2025-05-02 21:15:10,777 - app.core.excel.merger - INFO - 初始化PurchaseOrderMerger
2025-05-02 21:15:10,778 - app.core.excel.merger - INFO - 初始化完成，模板文件: templates\银豹-采购单模板.xls
2025-05-02 21:16:38,296 - app.core.excel.merger - INFO - 初始化PurchaseOrderMerger
2025-05-02 21:16:38,296 - app.core.excel.merger - INFO - 初始化完成，模板文件: templates\银豹-采购单模板.xls
2025-05-02 21:21:20,679 - app.core.excel.merger - INFO - 初始化PurchaseOrderMerger
2025-05-02 21:21:20,680 - app.core.excel.merger - INFO - 初始化完成，模板文件: templates\银豹-采购单模板.xls
2025-05-02 21:22:23,297 - app.core.excel.merger - INFO - 初始化PurchaseOrderMerger
2025-05-02 21:22:23,298 - app.core.excel.merger - INFO - 初始化完成，模板文件: templates\银豹-采购单模板.xls
2025-05-02 21:22:31,697 - app.core.excel.merger - INFO - 搜索目录 D:\My Documents\python\orc-order-v2\data\output 中的采购单Excel文件
2025-05-02 21:22:31,702 - app.core.excel.merger - INFO - 找到 1 个采购单Excel文件
2025-05-02 21:22:31,715 - app.core.excel.merger - INFO - 搜索目录 D:\My Documents\python\orc-order-v2\data\output 中的采购单Excel文件
2025-05-02 21:22:31,724 - app.core.excel.merger - INFO - 找到 1 个采购单Excel文件
2025-05-02 21:22:31,735 - app.core.excel.merger - INFO - 成功读取采购单文件: D:\My Documents\python\orc-order-v2\data\output\采购单_微信图片_20250502212111.xls
2025-05-02 21:22:31,737 - app.core.excel.merger - INFO - 列名映射结果: {'条码': '条码（必填）', '采购量': '采购量（必填）', '采购单价': '采购单价（必填）', '赠送量': '赠送量'}
2025-05-02 21:22:31,738 - app.core.excel.merger - INFO - 开始合并 1 个采购单文件
2025-05-02 21:22:31,739 - app.core.excel.merger - WARNING - 数据帧 0 缺少必要的列: ['条码', '采购量', '采购单价']
2025-05-02 21:22:31,740 - app.core.excel.merger - WARNING - 没有有效的数据帧用于合并
2025-05-02 21:22:31,741 - app.core.excel.merger - ERROR - 合并采购单失败
2025-05-02 21:45:07,598 - app.core.excel.merger - INFO - 初始化PurchaseOrderMerger
2025-05-02 21:45:07,599 - app.core.excel.merger - INFO - 初始化完成，模板文件: templates\银豹-采购单模板.xls
2025-05-02 21:45:21,947 - app.core.excel.merger - INFO - 搜索目录 D:\My Documents\python\orc-order-v2\data\output 中的采购单Excel文件
2025-05-02 21:45:21,948 - app.core.excel.merger - INFO - 找到 1 个采购单Excel文件
2025-05-02 21:45:21,948 - app.core.excel.merger - INFO - 搜索目录 D:\My Documents\python\orc-order-v2\data\output 中的采购单Excel文件
2025-05-02 21:45:21,949 - app.core.excel.merger - INFO - 找到 1 个采购单Excel文件
2025-05-02 21:45:21,954 - app.core.excel.merger - INFO - 成功读取采购单文件: D:\My Documents\python\orc-order-v2\data\output\采购单_微信图片_20250502214456.xls
2025-05-02 21:45:21,956 - app.core.excel.merger - INFO - 列名映射结果: {'条码': '条码（必填）', '采购量': '采购量（必填）', '采购单价': '采购单价（必填）', '赠送量': '赠送量'}
2025-05-02 21:45:21,956 - app.core.excel.merger - INFO - 开始合并 1 个采购单文件
2025-05-02 21:45:21,956 - app.core.excel.merger - WARNING - 数据帧 0 缺少必要的列: ['条码', '采购量', '采购单价']
2025-05-02 21:45:24,735 - app.core.excel.merger - WARNING - 没有有效的数据帧用于合并
2025-05-02 21:45:24,736 - app.core.excel.merger - ERROR - 合并采购单失败
2025-05-02 21:54:51,328 - app.core.excel.merger - INFO - 初始化PurchaseOrderMerger
2025-05-02 21:54:51,329 - app.core.excel.merger - INFO - 初始化完成，模板文件: templates\银豹-采购单模板.xls
2025-05-02 21:55:07,664 - app.core.excel.merger - INFO - 初始化PurchaseOrderMerger
2025-05-02 21:55:07,664 - app.core.excel.merger - INFO - 初始化完成，模板文件: templates\银豹-采购单模板.xls
2025-05-02 21:56:33,285 - app.core.excel.merger - INFO - 初始化PurchaseOrderMerger
2025-05-02 21:56:33,286 - app.core.excel.merger - INFO - 初始化完成，模板文件: templates\银豹-采购单模板.xls
2025-05-02 21:58:02,455 - app.core.excel.merger - INFO - 初始化PurchaseOrderMerger
2025-05-02 21:58:02,455 - app.core.excel.merger - INFO - 初始化完成，模板文件: templates\银豹-采购单模板.xls
2025-05-02 22:07:10,381 - app.core.excel.merger - INFO - 初始化PurchaseOrderMerger
2025-05-02 22:07:10,382 - app.core.excel.merger - INFO - 初始化完成，模板文件: templates\银豹-采购单模板.xls
2025-05-02 22:10:02,823 - app.core.excel.merger - INFO - 初始化PurchaseOrderMerger
2025-05-02 22:10:02,824 - app.core.excel.merger - INFO - 初始化完成，模板文件: templates\银豹-采购单模板.xls
2025-05-02 22:11:55,061 - app.core.excel.merger - INFO - 初始化PurchaseOrderMerger
2025-05-02 22:11:55,061 - app.core.excel.merger - INFO - 初始化完成，模板文件: templates\银豹-采购单模板.xls
2025-05-02 22:12:08,754 - app.core.excel.merger - INFO - 搜索目录 D:\My Documents\python\orc-order-v2\data\output 中的采购单Excel文件
2025-05-02 22:12:08,755 - app.core.excel.merger - INFO - 找到 1 个采购单Excel文件
2025-05-02 22:12:08,755 - app.core.excel.merger - INFO - 搜索目录 D:\My Documents\python\orc-order-v2\data\output 中的采购单Excel文件
2025-05-02 22:12:08,755 - app.core.excel.merger - INFO - 找到 1 个采购单Excel文件
2025-05-02 22:12:08,758 - app.core.excel.merger - INFO - 成功读取采购单文件: D:\My Documents\python\orc-order-v2\data\output\采购单_微信图片_20250502214456.xls
2025-05-02 22:12:08,760 - app.core.excel.merger - INFO - 列名映射结果: {'条码': '条码（必填）', '采购量': '采购量（必填）', '采购单价': '采购单价（必填）', '赠送量': '赠送量'}
2025-05-02 22:12:11,605 - app.core.excel.merger - INFO - 开始合并 1 个采购单文件
2025-05-02 22:12:11,605 - app.core.excel.merger - WARNING - 数据帧 0 缺少必要的列: ['条码', '采购量', '采购单价']
2025-05-02 22:12:11,606 - app.core.excel.merger - WARNING - 没有有效的数据帧用于合并
2025-05-02 22:12:11,606 - app.core.excel.merger - ERROR - 合并采购单失败
2025-05-02 22:26:11,621 - app.core.excel.merger - INFO - 初始化PurchaseOrderMerger
2025-05-02 22:26:11,621 - app.core.excel.merger - INFO - 初始化完成，模板文件: templates\银豹-采购单模板.xls
2025-05-02 22:26:42,570 - app.core.excel.merger - INFO - 初始化PurchaseOrderMerger
2025-05-02 22:26:42,570 - app.core.excel.merger - INFO - 初始化完成，模板文件: templates\银豹-采购单模板.xls
2025-05-02 22:29:10,831 - app.core.excel.merger - INFO - 初始化PurchaseOrderMerger
2025-05-02 22:29:10,831 - app.core.excel.merger - INFO - 初始化完成，模板文件: templates\银豹-采购单模板.xls
2025-05-02 22:29:26,875 - app.core.excel.merger - INFO - 搜索目录 D:\My Documents\python\orc-order-v2\data\output 中的采购单Excel文件
2025-05-02 22:29:26,876 - app.core.excel.merger - INFO - 找到 1 个采购单Excel文件
2025-05-02 22:29:26,876 - app.core.excel.merger - INFO - 搜索目录 D:\My Documents\python\orc-order-v2\data\output 中的采购单Excel文件
2025-05-02 22:29:26,877 - app.core.excel.merger - INFO - 找到 1 个采购单Excel文件
2025-05-02 22:29:26,883 - app.core.excel.merger - INFO - 成功读取采购单文件: D:\My Documents\python\orc-order-v2\data\output\采购单_微信图片_20250502214456.xls
2025-05-02 22:29:26,884 - app.core.excel.merger - INFO - 列名映射结果: {'条码': '条码（必填）', '采购量': '采购量（必填）', '采购单价': '采购单价（必填）', '赠送量': '赠送量'}
2025-05-02 22:29:29,917 - app.core.excel.merger - INFO - 开始合并 1 个采购单文件
2025-05-02 22:29:29,917 - app.core.excel.merger - WARNING - 数据帧 0 缺少必要的列: ['条码', '采购量', '采购单价']
2025-05-02 22:29:29,918 - app.core.excel.merger - WARNING - 没有有效的数据帧用于合并
2025-05-02 22:29:29,918 - app.core.excel.merger - ERROR - 合并采购单失败
2025-05-02 22:40:41,146 - app.core.excel.merger - INFO - 初始化PurchaseOrderMerger
2025-05-02 22:40:41,147 - app.core.excel.merger - INFO - 初始化完成，模板文件: templates\银豹-采购单模板.xls
2025-05-02 22:40:56,995 - app.core.excel.merger - INFO - 搜索目录 D:\My Documents\python\orc-order-v2\data\output 中的采购单Excel文件
2025-05-02 22:40:56,996 - app.core.excel.merger - INFO - 找到 1 个采购单Excel文件
2025-05-03 12:54:57,233 - app.core.excel.merger - INFO - 初始化PurchaseOrderMerger
2025-05-03 12:54:57,235 - app.core.excel.merger - INFO - 初始化完成，模板文件: templates\银豹-采购单模板.xls
2025-05-03 12:55:14,451 - app.core.excel.merger - INFO - 搜索目录 D:\My Documents\python\orc-order-v2\data\output 中的采购单Excel文件
2025-05-03 12:55:14,452 - app.core.excel.merger - INFO - 找到 1 个采购单Excel文件
2025-05-03 14:44:17,319 - app.core.excel.merger - INFO - 初始化PurchaseOrderMerger
2025-05-03 14:44:17,319 - app.core.excel.merger - INFO - 初始化完成，模板文件: templates\银豹-采购单模板.xls
2025-05-03 14:44:26,125 - app.core.excel.merger - INFO - 搜索目录 D:\My Documents\python\orc-order-v2\data\output 中的采购单Excel文件
2025-05-03 14:44:26,125 - app.core.excel.merger - INFO - 找到 2 个采购单Excel文件
2025-05-03 14:44:26,126 - app.core.excel.merger - INFO - 搜索目录 D:\My Documents\python\orc-order-v2\data\output 中的采购单Excel文件
2025-05-03 14:44:26,126 - app.core.excel.merger - INFO - 找到 2 个采购单Excel文件
2025-05-03 14:44:26,131 - app.core.excel.merger - INFO - 成功读取采购单文件: D:\My Documents\python\orc-order-v2\data\output\采购单_微信图片_20250503144404.xls
2025-05-03 14:44:26,133 - app.core.excel.merger - INFO - 列名映射结果: {'条码': '条码（必填）', '采购量': '采购量（必填）', '采购单价': '采购单价（必填）', '赠送量': '赠送量'}
2025-05-03 14:44:30,398 - app.core.excel.merger - INFO - 成功读取采购单文件: D:\My Documents\python\orc-order-v2\data\output\采购单_微信图片_20250502214456.xls
2025-05-03 14:44:30,399 - app.core.excel.merger - INFO - 列名映射结果: {'条码': '条码（必填）', '采购量': '采购量（必填）', '采购单价': '采购单价（必填）', '赠送量': '赠送量'}
2025-05-03 14:44:30,399 - app.core.excel.merger - INFO - 开始合并 2 个采购单文件
2025-05-03 14:44:30,399 - app.core.excel.merger - WARNING - 数据帧 0 缺少必要的列: ['条码', '采购量', '采购单价']
2025-05-03 14:44:30,399 - app.core.excel.merger - WARNING - 数据帧 1 缺少必要的列: ['条码', '采购量', '采购单价']
2025-05-03 14:44:30,399 - app.core.excel.merger - WARNING - 没有有效的数据帧用于合并
2025-05-03 14:44:30,400 - app.core.excel.merger - ERROR - 合并采购单失败
2025-05-03 14:45:44,521 - app.core.excel.merger - INFO - 初始化PurchaseOrderMerger
2025-05-03 14:45:44,521 - app.core.excel.merger - INFO - 初始化完成，模板文件: templates\银豹-采购单模板.xls
2025-05-03 14:45:58,808 - app.core.excel.merger - INFO - 初始化PurchaseOrderMerger
2025-05-03 14:45:58,809 - app.core.excel.merger - INFO - 初始化完成，模板文件: templates\银豹-采购单模板.xls
2025-05-03 14:53:52,352 - app.core.excel.merger - INFO - 初始化PurchaseOrderMerger
2025-05-03 14:53:52,353 - app.core.excel.merger - INFO - 初始化完成，模板文件: templates\银豹-采购单模板.xls
2025-05-03 15:43:36,732 - app.core.excel.merger - INFO - 初始化PurchaseOrderMerger
2025-05-03 15:43:36,733 - app.core.excel.merger - INFO - 初始化完成，模板文件: templates\银豹-采购单模板.xls
2025-05-05 18:55:02,301 - app.core.excel.merger - INFO - 初始化PurchaseOrderMerger
2025-05-05 18:55:02,303 - app.core.excel.merger - INFO - 初始化完成，模板文件: templates\银豹-采购单模板.xls
2025-05-05 18:55:13,152 - app.core.excel.merger - INFO - 搜索目录 D:\My Documents\python\orc-order-v2\data\output 中的采购单Excel文件
2025-05-05 18:55:13,153 - app.core.excel.merger - INFO - 找到 1 个采购单Excel文件
2025-05-05 18:59:17,851 - app.core.excel.merger - INFO - 初始化PurchaseOrderMerger
2025-05-05 18:59:17,851 - app.core.excel.merger - INFO - 初始化完成，模板文件: templates\银豹-采购单模板.xls
2025-05-05 19:00:26,074 - app.core.excel.merger - INFO - 初始化PurchaseOrderMerger
2025-05-05 19:00:26,075 - app.core.excel.merger - INFO - 初始化完成，模板文件: templates\银豹-采购单模板.xls
2025-05-05 19:02:32,167 - app.core.excel.merger - INFO - 初始化PurchaseOrderMerger
2025-05-05 19:02:32,168 - app.core.excel.merger - INFO - 初始化完成，模板文件: templates\银豹-采购单模板.xls
2025-05-05 19:02:54,873 - app.core.excel.merger - INFO - 初始化PurchaseOrderMerger
2025-05-05 19:02:54,873 - app.core.excel.merger - INFO - 初始化完成，模板文件: templates\银豹-采购单模板.xls
2025-05-05 19:02:54,874 - app.core.excel.merger - INFO - 搜索目录 D:\My Documents\python\orc-order-v2\data\output 中的采购单Excel文件
2025-05-05 19:02:54,874 - app.core.excel.merger - INFO - 找到 2 个采购单Excel文件
2025-05-05 19:02:54,875 - app.core.excel.merger - INFO - 搜索目录 D:\My Documents\python\orc-order-v2\data\output 中的采购单Excel文件
2025-05-05 19:02:54,878 - app.core.excel.merger - INFO - 找到 2 个采购单Excel文件
2025-05-05 19:02:54,888 - app.core.excel.merger - INFO - 成功读取采购单文件: D:\My Documents\python\orc-order-v2\data\output\采购单_微信图片_20250505185908.xls
2025-05-05 19:02:54,894 - app.core.excel.merger - INFO - 列名映射结果: {'条码': '条码（必填）', '采购量': '采购量（必填）', '采购单价': '采购单价（必填）', '赠送量': '赠送量'}
2025-05-05 19:02:54,899 - app.core.excel.merger - INFO - 成功读取采购单文件: D:\My Documents\python\orc-order-v2\data\output\采购单_微信图片_20250505185842.xls
2025-05-05 19:02:54,900 - app.core.excel.merger - INFO - 列名映射结果: {'条码': '条码（必填）', '采购量': '采购量（必填）', '采购单价': '采购单价（必填）', '赠送量': '赠送量'}
2025-05-05 19:02:54,900 - app.core.excel.merger - INFO - 开始合并 2 个采购单文件
2025-05-05 19:02:54,901 - app.core.excel.merger - WARNING - 数据帧 0 缺少必要的列: ['条码', '采购量', '采购单价']
2025-05-05 19:02:54,901 - app.core.excel.merger - WARNING - 数据帧 1 缺少必要的列: ['条码', '采购量', '采购单价']
2025-05-05 19:02:54,901 - app.core.excel.merger - WARNING - 没有有效的数据帧用于合并
2025-05-05 19:02:54,901 - app.core.excel.merger - ERROR - 合并采购单失败
2025-05-05 19:15:12,553 - app.core.excel.merger - INFO - 初始化PurchaseOrderMerger
2025-05-05 19:15:12,554 - app.core.excel.merger - INFO - 初始化完成，模板文件: templates\银豹-采购单模板.xls
2025-05-05 19:18:54,516 - app.core.excel.merger - INFO - 初始化PurchaseOrderMerger
2025-05-05 19:18:54,519 - app.core.excel.merger - INFO - 初始化完成，模板文件: templates\银豹-采购单模板.xls
2025-05-05 19:18:54,538 - app.core.excel.merger - INFO - 搜索目录 D:\My Documents\python\orc-order-v2\data\output 中的采购单Excel文件
2025-05-05 19:18:54,540 - app.core.excel.merger - INFO - 找到 2 个采购单Excel文件
2025-05-05 19:18:54,548 - app.core.excel.merger - INFO - 搜索目录 D:\My Documents\python\orc-order-v2\data\output 中的采购单Excel文件
2025-05-05 19:18:54,551 - app.core.excel.merger - INFO - 找到 2 个采购单Excel文件
2025-05-05 19:18:54,617 - app.core.excel.merger - INFO - 成功读取采购单文件: D:\My Documents\python\orc-order-v2\data\output\采购单_微信图片_20250505185908.xls
2025-05-05 19:18:54,620 - app.core.excel.merger - INFO - 列名: ['商品名称', '条码（必填）', '采购量（必填）', '赠送量', '采购单价（必填）']
2025-05-05 19:18:54,620 - app.core.excel.merger - INFO - 直接匹配列名: 条码（必填） -> 条码
2025-05-05 19:18:54,625 - app.core.excel.merger - INFO - 直接匹配列名: 采购量（必填） -> 采购量
2025-05-05 19:18:54,631 - app.core.excel.merger - INFO - 直接匹配列名: 采购单价（必填） -> 采购单价
2025-05-05 19:18:54,635 - app.core.excel.merger - INFO - 直接匹配列名: 赠送量 -> 赠送量
2025-05-05 19:18:54,635 - app.core.excel.merger - INFO - 列名重命名映射: {'条码（必填）': '条码', '采购量（必填）': '采购量', '采购单价（必填）': '采购单价', '赠送量': '赠送量'}
2025-05-05 19:18:54,638 - app.core.excel.merger - INFO - 重命名后的列名: ['商品名称', '条码', '采购量', '赠送量', '采购单价']
2025-05-05 19:18:54,650 - app.core.excel.merger - INFO - 成功读取采购单文件: D:\My Documents\python\orc-order-v2\data\output\采购单_微信图片_20250505185842.xls
2025-05-05 19:18:54,655 - app.core.excel.merger - INFO - 列名: ['商品名称', '条码（必填）', '采购量（必填）', '赠送量', '采购单价（必填）']
2025-05-05 19:18:54,655 - app.core.excel.merger - INFO - 直接匹配列名: 条码（必填） -> 条码
2025-05-05 19:18:54,656 - app.core.excel.merger - INFO - 直接匹配列名: 采购量（必填） -> 采购量
2025-05-05 19:18:54,658 - app.core.excel.merger - INFO - 直接匹配列名: 采购单价（必填） -> 采购单价
2025-05-05 19:18:54,668 - app.core.excel.merger - INFO - 直接匹配列名: 赠送量 -> 赠送量
2025-05-05 19:18:54,669 - app.core.excel.merger - INFO - 列名重命名映射: {'条码（必填）': '条码', '采购量（必填）': '采购量', '采购单价（必填）': '采购单价', '赠送量': '赠送量'}
2025-05-05 19:18:54,679 - app.core.excel.merger - INFO - 重命名后的列名: ['商品名称', '条码', '采购量', '赠送量', '采购单价']
2025-05-05 19:18:54,681 - app.core.excel.merger - INFO - 开始合并 2 个采购单文件
2025-05-05 19:18:54,758 - app.core.excel.merger - INFO - 合并完成，共 46 条商品记录
2025-05-05 19:18:54,835 - app.core.excel.merger - INFO - 合并采购单已保存到: D:\My Documents\python\orc-order-v2\data\output\合并采购单_20250505191854.xls
2025-05-05 19:19:59,314 - app.core.excel.merger - INFO - 初始化PurchaseOrderMerger
2025-05-05 19:19:59,314 - app.core.excel.merger - INFO - 初始化完成，模板文件: templates\银豹-采购单模板.xls
2025-05-05 19:22:18,527 - app.core.excel.merger - INFO - 初始化PurchaseOrderMerger
2025-05-05 19:22:18,530 - app.core.excel.merger - INFO - 初始化完成，模板文件: templates\银豹-采购单模板.xls
2025-05-05 19:22:37,220 - app.core.excel.merger - INFO - 初始化PurchaseOrderMerger
2025-05-05 19:22:37,221 - app.core.excel.merger - INFO - 初始化完成，模板文件: templates\银豹-采购单模板.xls
2025-05-05 19:22:37,223 - app.core.excel.merger - INFO - 搜索目录 D:\My Documents\python\orc-order-v2\data\output 中的采购单Excel文件
2025-05-05 19:22:37,226 - app.core.excel.merger - INFO - 找到 2 个采购单Excel文件
2025-05-05 19:22:37,227 - app.core.excel.merger - INFO - 搜索目录 D:\My Documents\python\orc-order-v2\data\output 中的采购单Excel文件
2025-05-05 19:22:37,234 - app.core.excel.merger - INFO - 找到 2 个采购单Excel文件
2025-05-05 19:22:37,242 - app.core.excel.merger - INFO - 成功读取采购单文件: D:\My Documents\python\orc-order-v2\data\output\采购单_微信图片_20250505185908.xls
2025-05-05 19:22:37,249 - app.core.excel.merger - INFO - 列名: ['商品名称', '条码（必填）', '采购量（必填）', '赠送量', '采购单价（必填）']
2025-05-05 19:22:37,250 - app.core.excel.merger - INFO - 直接匹配列名: 条码（必填） -> 条码
2025-05-05 19:22:37,250 - app.core.excel.merger - INFO - 直接匹配列名: 采购量（必填） -> 采购量
2025-05-05 19:22:37,251 - app.core.excel.merger - INFO - 直接匹配列名: 采购单价（必填） -> 采购单价
2025-05-05 19:22:37,251 - app.core.excel.merger - INFO - 直接匹配列名: 赠送量 -> 赠送量
2025-05-05 19:22:37,251 - app.core.excel.merger - INFO - 列名重命名映射: {'条码（必填）': '条码', '采购量（必填）': '采购量', '采购单价（必填）': '采购单价', '赠送量': '赠送量'}
2025-05-05 19:22:37,253 - app.core.excel.merger - INFO - 重命名后的列名: ['商品名称', '条码', '采购量', '赠送量', '采购单价']
2025-05-05 19:22:37,272 - app.core.excel.merger - INFO - 成功读取采购单文件: D:\My Documents\python\orc-order-v2\data\output\采购单_微信图片_20250505185842.xls
2025-05-05 19:22:37,284 - app.core.excel.merger - INFO - 列名: ['商品名称', '条码（必填）', '采购量（必填）', '赠送量', '采购单价（必填）']
2025-05-05 19:22:37,284 - app.core.excel.merger - INFO - 直接匹配列名: 条码（必填） -> 条码
2025-05-05 19:22:37,284 - app.core.excel.merger - INFO - 直接匹配列名: 采购量（必填） -> 采购量
2025-05-05 19:22:37,285 - app.core.excel.merger - INFO - 直接匹配列名: 采购单价（必填） -> 采购单价
2025-05-05 19:22:37,285 - app.core.excel.merger - INFO - 直接匹配列名: 赠送量 -> 赠送量
2025-05-05 19:22:37,286 - app.core.excel.merger - INFO - 列名重命名映射: {'条码（必填）': '条码', '采购量（必填）': '采购量', '采购单价（必填）': '采购单价', '赠送量': '赠送量'}
2025-05-05 19:22:37,287 - app.core.excel.merger - INFO - 重命名后的列名: ['商品名称', '条码', '采购量', '赠送量', '采购单价']
2025-05-05 19:22:37,287 - app.core.excel.merger - INFO - 开始合并 2 个采购单文件
2025-05-05 19:22:37,338 - app.core.excel.merger - INFO - 合并完成，共 47 条商品记录
2025-05-05 19:22:37,403 - app.core.excel.merger - INFO - 合并采购单已保存到: D:\My Documents\python\orc-order-v2\data\output\合并采购单_20250505192237.xls
2025-05-05 19:28:36,767 - app.core.excel.merger - INFO - 初始化PurchaseOrderMerger
2025-05-05 19:28:36,768 - app.core.excel.merger - INFO - 初始化完成，模板文件: templates\银豹-采购单模板.xls
2025-05-05 19:28:36,769 - app.core.excel.merger - INFO - 搜索目录 D:\My Documents\python\orc-order-v2\data\output 中的采购单Excel文件
2025-05-05 19:28:36,770 - app.core.excel.merger - INFO - 找到 2 个采购单Excel文件
2025-05-05 19:28:36,771 - app.core.excel.merger - INFO - 搜索目录 D:\My Documents\python\orc-order-v2\data\output 中的采购单Excel文件
2025-05-05 19:28:36,773 - app.core.excel.merger - INFO - 找到 2 个采购单Excel文件
2025-05-05 19:28:36,781 - app.core.excel.merger - INFO - 成功读取采购单文件: D:\My Documents\python\orc-order-v2\data\output\采购单_微信图片_20250505185908.xls
2025-05-05 19:28:36,783 - app.core.excel.merger - INFO - 列名: ['商品名称', '条码（必填）', '采购量（必填）', '赠送量', '采购单价（必填）']
2025-05-05 19:28:36,784 - app.core.excel.merger - INFO - 直接匹配列名: 条码（必填） -> 条码
2025-05-05 19:28:36,785 - app.core.excel.merger - INFO - 直接匹配列名: 采购量（必填） -> 采购量
2025-05-05 19:28:36,785 - app.core.excel.merger - INFO - 直接匹配列名: 采购单价（必填） -> 采购单价
2025-05-05 19:28:36,786 - app.core.excel.merger - INFO - 直接匹配列名: 赠送量 -> 赠送量
2025-05-05 19:28:36,786 - app.core.excel.merger - INFO - 列名重命名映射: {'条码（必填）': '条码', '采购量（必填）': '采购量', '采购单价（必填）': '采购单价', '赠送量': '赠送量'}
2025-05-05 19:28:36,787 - app.core.excel.merger - INFO - 重命名后的列名: ['商品名称', '条码', '采购量', '赠送量', '采购单价']
2025-05-05 19:28:36,795 - app.core.excel.merger - INFO - 成功读取采购单文件: D:\My Documents\python\orc-order-v2\data\output\采购单_微信图片_20250505185842.xls
2025-05-05 19:28:36,797 - app.core.excel.merger - INFO - 列名: ['商品名称', '条码（必填）', '采购量（必填）', '赠送量', '采购单价（必填）']
2025-05-05 19:28:36,797 - app.core.excel.merger - INFO - 直接匹配列名: 条码（必填） -> 条码
2025-05-05 19:28:36,797 - app.core.excel.merger - INFO - 直接匹配列名: 采购量（必填） -> 采购量
2025-05-05 19:28:36,798 - app.core.excel.merger - INFO - 直接匹配列名: 采购单价（必填） -> 采购单价
2025-05-05 19:28:36,798 - app.core.excel.merger - INFO - 直接匹配列名: 赠送量 -> 赠送量
2025-05-05 19:28:36,798 - app.core.excel.merger - INFO - 列名重命名映射: {'条码（必填）': '条码', '采购量（必填）': '采购量', '采购单价（必填）': '采购单价', '赠送量': '赠送量'}
2025-05-05 19:28:36,799 - app.core.excel.merger - INFO - 重命名后的列名: ['商品名称', '条码', '采购量', '赠送量', '采购单价']
2025-05-05 19:28:36,800 - app.core.excel.merger - INFO - 开始合并 2 个采购单文件
2025-05-05 19:28:36,807 - app.core.excel.merger - INFO - 处理文件 1: 有效记录 20 行
2025-05-05 19:28:36,817 - app.core.excel.merger - INFO - 处理文件 2: 有效记录 27 行
2025-05-05 19:28:36,830 - app.core.excel.merger - INFO - 合并完成，共 47 条商品记录
2025-05-05 19:28:36,853 - app.core.excel.merger - INFO - 合并采购单已保存到: D:\My Documents\python\orc-order-v2\data\output\合并采购单_20250505192836.xls
2025-05-05 19:29:16,909 - app.core.excel.merger - INFO - 初始化PurchaseOrderMerger
2025-05-05 19:29:16,912 - app.core.excel.merger - INFO - 初始化完成，模板文件: templates\银豹-采购单模板.xls
2025-05-05 19:29:16,913 - app.core.excel.merger - INFO - 搜索目录 D:\My Documents\python\orc-order-v2\data\output 中的采购单Excel文件
2025-05-05 19:29:16,916 - app.core.excel.merger - INFO - 找到 2 个采购单Excel文件
2025-05-05 19:29:16,918 - app.core.excel.merger - INFO - 搜索目录 D:\My Documents\python\orc-order-v2\data\output 中的采购单Excel文件
2025-05-05 19:29:16,922 - app.core.excel.merger - INFO - 找到 2 个采购单Excel文件
2025-05-05 19:29:16,941 - app.core.excel.merger - INFO - 成功读取采购单文件: D:\My Documents\python\orc-order-v2\data\output\采购单_微信图片_20250505185908.xls
2025-05-05 19:29:16,946 - app.core.excel.merger - INFO - 列名: ['商品名称', '条码（必填）', '采购量（必填）', '赠送量', '采购单价（必填）']
2025-05-05 19:29:16,946 - app.core.excel.merger - INFO - 直接匹配列名: 条码（必填） -> 条码
2025-05-05 19:29:16,947 - app.core.excel.merger - INFO - 直接匹配列名: 采购量（必填） -> 采购量
2025-05-05 19:29:16,947 - app.core.excel.merger - INFO - 直接匹配列名: 采购单价（必填） -> 采购单价
2025-05-05 19:29:16,948 - app.core.excel.merger - INFO - 直接匹配列名: 赠送量 -> 赠送量
2025-05-05 19:29:16,948 - app.core.excel.merger - INFO - 列名重命名映射: {'条码（必填）': '条码', '采购量（必填）': '采购量', '采购单价（必填）': '采购单价', '赠送量': '赠送量'}
2025-05-05 19:29:16,950 - app.core.excel.merger - INFO - 重命名后的列名: ['商品名称', '条码', '采购量', '赠送量', '采购单价']
2025-05-05 19:29:16,957 - app.core.excel.merger - INFO - 成功读取采购单文件: D:\My Documents\python\orc-order-v2\data\output\采购单_微信图片_20250505185842.xls
2025-05-05 19:29:16,961 - app.core.excel.merger - INFO - 列名: ['商品名称', '条码（必填）', '采购量（必填）', '赠送量', '采购单价（必填）']
2025-05-05 19:29:16,962 - app.core.excel.merger - INFO - 直接匹配列名: 条码（必填） -> 条码
2025-05-05 19:29:16,963 - app.core.excel.merger - INFO - 直接匹配列名: 采购量（必填） -> 采购量
2025-05-05 19:29:16,964 - app.core.excel.merger - INFO - 直接匹配列名: 采购单价（必填） -> 采购单价
2025-05-05 19:29:16,964 - app.core.excel.merger - INFO - 直接匹配列名: 赠送量 -> 赠送量
2025-05-05 19:29:16,971 - app.core.excel.merger - INFO - 列名重命名映射: {'条码（必填）': '条码', '采购量（必填）': '采购量', '采购单价（必填）': '采购单价', '赠送量': '赠送量'}
2025-05-05 19:29:16,975 - app.core.excel.merger - INFO - 重命名后的列名: ['商品名称', '条码', '采购量', '赠送量', '采购单价']
2025-05-05 19:29:16,976 - app.core.excel.merger - INFO - 开始合并 2 个采购单文件
2025-05-05 19:29:16,988 - app.core.excel.merger - INFO - 处理文件 1: 有效记录 20 行
2025-05-05 19:29:17,003 - app.core.excel.merger - INFO - 处理文件 2: 有效记录 27 行
2025-05-05 19:29:17,020 - app.core.excel.merger - INFO - 合并完成，共 47 条商品记录
2025-05-05 19:29:17,034 - app.core.excel.merger - INFO - 分析模板结构
2025-05-05 19:29:17,068 - app.core.excel.merger - INFO - 合并采购单已保存到: D:\My Documents\python\orc-order-v2\data\output\合并采购单_20250505192917.xls，共47条记录
2025-05-05 19:30:06,154 - app.core.excel.merger - INFO - 初始化PurchaseOrderMerger
2025-05-05 19:30:06,154 - app.core.excel.merger - INFO - 初始化完成，模板文件: templates\银豹-采购单模板.xls
2025-05-05 19:30:06,155 - app.core.excel.merger - INFO - 搜索目录 D:\My Documents\python\orc-order-v2\data\output 中的采购单Excel文件
2025-05-05 19:30:06,156 - app.core.excel.merger - INFO - 找到 2 个采购单Excel文件
2025-05-05 19:30:06,156 - app.core.excel.merger - INFO - 搜索目录 D:\My Documents\python\orc-order-v2\data\output 中的采购单Excel文件
2025-05-05 19:30:06,157 - app.core.excel.merger - INFO - 找到 2 个采购单Excel文件
2025-05-05 19:30:06,166 - app.core.excel.merger - INFO - 成功读取采购单文件: D:\My Documents\python\orc-order-v2\data\output\采购单_微信图片_20250505185908.xls
2025-05-05 19:30:06,173 - app.core.excel.merger - INFO - 列名: ['商品名称', '条码（必填）', '采购量（必填）', '赠送量', '采购单价（必填）']
2025-05-05 19:30:06,178 - app.core.excel.merger - INFO - 直接匹配列名: 条码（必填） -> 条码
2025-05-05 19:30:06,179 - app.core.excel.merger - INFO - 直接匹配列名: 采购量（必填） -> 采购量
2025-05-05 19:30:06,180 - app.core.excel.merger - INFO - 直接匹配列名: 采购单价（必填） -> 采购单价
2025-05-05 19:30:06,180 - app.core.excel.merger - INFO - 直接匹配列名: 赠送量 -> 赠送量
2025-05-05 19:30:06,182 - app.core.excel.merger - INFO - 列名重命名映射: {'条码（必填）': '条码', '采购量（必填）': '采购量', '采购单价（必填）': '采购单价', '赠送量': '赠送量'}
2025-05-05 19:30:06,183 - app.core.excel.merger - INFO - 重命名后的列名: ['商品名称', '条码', '采购量', '赠送量', '采购单价']
2025-05-05 19:30:06,198 - app.core.excel.merger - INFO - 成功读取采购单文件: D:\My Documents\python\orc-order-v2\data\output\采购单_微信图片_20250505185842.xls
2025-05-05 19:30:06,200 - app.core.excel.merger - INFO - 列名: ['商品名称', '条码（必填）', '采购量（必填）', '赠送量', '采购单价（必填）']
2025-05-05 19:30:06,202 - app.core.excel.merger - INFO - 直接匹配列名: 条码（必填） -> 条码
2025-05-05 19:30:06,202 - app.core.excel.merger - INFO - 直接匹配列名: 采购量（必填） -> 采购量
2025-05-05 19:30:06,202 - app.core.excel.merger - INFO - 直接匹配列名: 采购单价（必填） -> 采购单价
2025-05-05 19:30:06,203 - app.core.excel.merger - INFO - 直接匹配列名: 赠送量 -> 赠送量
2025-05-05 19:30:06,204 - app.core.excel.merger - INFO - 列名重命名映射: {'条码（必填）': '条码', '采购量（必填）': '采购量', '采购单价（必填）': '采购单价', '赠送量': '赠送量'}
2025-05-05 19:30:06,205 - app.core.excel.merger - INFO - 重命名后的列名: ['商品名称', '条码', '采购量', '赠送量', '采购单价']
2025-05-05 19:30:06,205 - app.core.excel.merger - INFO - 开始合并 2 个采购单文件
2025-05-05 19:30:06,222 - app.core.excel.merger - INFO - 处理文件 1: 有效记录 20 行
2025-05-05 19:30:06,236 - app.core.excel.merger - INFO - 处理文件 2: 有效记录 27 行
2025-05-05 19:30:06,252 - app.core.excel.merger - INFO - 合并完成，共 47 条商品记录
2025-05-05 19:30:06,268 - app.core.excel.merger - INFO - 分析模板结构
2025-05-05 19:30:06,303 - app.core.excel.merger - INFO - 合并采购单已保存到: D:\My Documents\python\orc-order-v2\data\output\合并采购单_20250505193006.xls，共47条记录
2025-05-05 19:30:28,307 - app.core.excel.merger - INFO - 初始化PurchaseOrderMerger
2025-05-05 19:30:28,308 - app.core.excel.merger - INFO - 初始化完成，模板文件: templates\银豹-采购单模板.xls
2025-05-05 19:30:28,308 - app.core.excel.merger - INFO - 搜索目录 D:\My Documents\python\orc-order-v2\data\output 中的采购单Excel文件
2025-05-05 19:30:28,308 - app.core.excel.merger - INFO - 找到 2 个采购单Excel文件
2025-05-05 19:30:28,309 - app.core.excel.merger - INFO - 搜索目录 D:\My Documents\python\orc-order-v2\data\output 中的采购单Excel文件
2025-05-05 19:30:28,311 - app.core.excel.merger - INFO - 找到 2 个采购单Excel文件
2025-05-05 19:30:28,320 - app.core.excel.merger - INFO - 成功读取采购单文件: D:\My Documents\python\orc-order-v2\data\output\采购单_微信图片_20250505185908.xls
2025-05-05 19:30:28,321 - app.core.excel.merger - INFO - 列名: ['商品名称', '条码（必填）', '采购量（必填）', '赠送量', '采购单价（必填）']
2025-05-05 19:30:28,323 - app.core.excel.merger - INFO - 直接匹配列名: 条码（必填） -> 条码
2025-05-05 19:30:28,323 - app.core.excel.merger - INFO - 直接匹配列名: 采购量（必填） -> 采购量
2025-05-05 19:30:28,323 - app.core.excel.merger - INFO - 直接匹配列名: 采购单价（必填） -> 采购单价
2025-05-05 19:30:28,323 - app.core.excel.merger - INFO - 直接匹配列名: 赠送量 -> 赠送量
2025-05-05 19:30:28,323 - app.core.excel.merger - INFO - 列名重命名映射: {'条码（必填）': '条码', '采购量（必填）': '采购量', '采购单价（必填）': '采购单价', '赠送量': '赠送量'}
2025-05-05 19:30:28,324 - app.core.excel.merger - INFO - 重命名后的列名: ['商品名称', '条码', '采购量', '赠送量', '采购单价']
2025-05-05 19:30:28,334 - app.core.excel.merger - INFO - 成功读取采购单文件: D:\My Documents\python\orc-order-v2\data\output\采购单_微信图片_20250505185842.xls
2025-05-05 19:30:28,335 - app.core.excel.merger - INFO - 列名: ['商品名称', '条码（必填）', '采购量（必填）', '赠送量', '采购单价（必填）']
2025-05-05 19:30:28,335 - app.core.excel.merger - INFO - 直接匹配列名: 条码（必填） -> 条码
2025-05-05 19:30:28,335 - app.core.excel.merger - INFO - 直接匹配列名: 采购量（必填） -> 采购量
2025-05-05 19:30:28,335 - app.core.excel.merger - INFO - 直接匹配列名: 采购单价（必填） -> 采购单价
2025-05-05 19:30:28,336 - app.core.excel.merger - INFO - 直接匹配列名: 赠送量 -> 赠送量
2025-05-05 19:30:28,336 - app.core.excel.merger - INFO - 列名重命名映射: {'条码（必填）': '条码', '采购量（必填）': '采购量', '采购单价（必填）': '采购单价', '赠送量': '赠送量'}
2025-05-05 19:30:28,337 - app.core.excel.merger - INFO - 重命名后的列名: ['商品名称', '条码', '采购量', '赠送量', '采购单价']
2025-05-05 19:30:28,337 - app.core.excel.merger - INFO - 开始合并 2 个采购单文件
2025-05-05 19:30:28,351 - app.core.excel.merger - INFO - 处理文件 1: 有效记录 20 行
2025-05-05 19:30:28,358 - app.core.excel.merger - INFO - 处理文件 2: 有效记录 27 行
2025-05-05 19:30:28,383 - app.core.excel.merger - INFO - 合并完成，共 47 条商品记录
2025-05-05 19:30:28,391 - app.core.excel.merger - INFO - 分析模板结构
2025-05-05 19:30:28,421 - app.core.excel.merger - INFO - 合并采购单已保存到: D:\My Documents\python\orc-order-v2\data\output\合并采购单_20250505193028.xls，共47条记录
2025-05-05 22:04:10,737 - app.core.excel.merger - INFO - 初始化PurchaseOrderMerger
2025-05-05 22:04:10,737 - app.core.excel.merger - INFO - 初始化完成，模板文件: templates\银豹-采购单模板.xls
2025-05-05 22:08:07,805 - app.core.excel.merger - INFO - 初始化PurchaseOrderMerger
2025-05-05 22:08:07,806 - app.core.excel.merger - INFO - 初始化完成，模板文件: templates\银豹-采购单模板.xls
2025-05-05 22:22:21,498 - app.core.excel.merger - INFO - 初始化PurchaseOrderMerger
2025-05-05 22:22:21,499 - app.core.excel.merger - INFO - 初始化完成，模板文件: templates\银豹-采购单模板.xls
2025-05-05 22:27:19,323 - app.core.excel.merger - INFO - 初始化PurchaseOrderMerger
2025-05-05 22:27:19,324 - app.core.excel.merger - INFO - 初始化完成，模板文件: templates\银豹-采购单模板.xls
2025-05-05 22:35:49,998 - app.core.excel.merger - INFO - 初始化PurchaseOrderMerger
2025-05-05 22:35:49,999 - app.core.excel.merger - INFO - 初始化完成，模板文件: templates\银豹-采购单模板.xls
2025-05-05 22:36:30,731 - app.core.excel.merger - INFO - 初始化PurchaseOrderMerger
2025-05-05 22:36:30,731 - app.core.excel.merger - INFO - 初始化完成，模板文件: templates\银豹-采购单模板.xls
2025-05-05 22:40:12,609 - app.core.excel.merger - INFO - 初始化PurchaseOrderMerger
2025-05-05 22:40:12,610 - app.core.excel.merger - INFO - 初始化完成，模板文件: templates\银豹-采购单模板.xls
2025-05-06 19:00:08,270 - app.core.excel.merger - INFO - 初始化PurchaseOrderMerger
2025-05-06 19:00:08,270 - app.core.excel.merger - INFO - 初始化完成，模板文件: templates\银豹-采购单模板.xls
2025-05-06 20:39:58,869 - app.core.excel.merger - INFO - 初始化PurchaseOrderMerger
2025-05-06 20:39:58,870 - app.core.excel.merger - INFO - 初始化完成，模板文件: templates\银豹-采购单模板.xls
2025-05-06 20:40:58,356 - app.core.excel.merger - INFO - 初始化PurchaseOrderMerger
2025-05-06 20:40:58,357 - app.core.excel.merger - INFO - 初始化完成，模板文件: templates\银豹-采购单模板.xls
2025-05-06 20:42:36,996 - app.core.excel.merger - INFO - 初始化PurchaseOrderMerger
2025-05-06 20:42:36,997 - app.core.excel.merger - INFO - 初始化完成，模板文件: templates\银豹-采购单模板.xls
2025-05-06 21:03:30,007 - app.core.excel.merger - INFO - 初始化PurchaseOrderMerger
2025-05-06 21:03:30,007 - app.core.excel.merger - INFO - 初始化完成，模板文件: templates\银豹-采购单模板.xls
2025-05-06 21:07:27,060 - app.core.excel.merger - INFO - 初始化PurchaseOrderMerger
2025-05-06 21:07:27,061 - app.core.excel.merger - INFO - 初始化完成，模板文件: templates\银豹-采购单模板.xls
2025-05-06 21:13:40,289 - app.core.excel.merger - INFO - 初始化PurchaseOrderMerger
2025-05-06 21:13:40,290 - app.core.excel.merger - INFO - 初始化完成，模板文件: templates\银豹-采购单模板.xls
2025-05-07 18:01:37,211 - app.core.excel.merger - INFO - 初始化PurchaseOrderMerger
2025-05-07 18:01:37,212 - app.core.excel.merger - INFO - 初始化完成，模板文件: templates\银豹-采购单模板.xls
2025-05-07 18:01:48,033 - app.core.excel.merger - INFO - 搜索目录 D:\My Documents\python\orc-order-v2\data\output 中的采购单Excel文件
2025-05-07 18:01:48,034 - app.core.excel.merger - INFO - 找到 1 个采购单Excel文件
2025-05-07 18:32:13,626 - app.core.excel.merger - INFO - 初始化PurchaseOrderMerger
2025-05-07 18:32:13,627 - app.core.excel.merger - INFO - 初始化完成，模板文件: templates\银豹-采购单模板.xls
2025-05-07 18:36:46,627 - app.core.excel.merger - INFO - 初始化PurchaseOrderMerger
2025-05-07 18:36:46,627 - app.core.excel.merger - INFO - 初始化完成，模板文件: templates\银豹-采购单模板.xls
2025-05-07 18:46:29,608 - app.core.excel.merger - INFO - 初始化PurchaseOrderMerger
2025-05-07 18:46:29,609 - app.core.excel.merger - INFO - 初始化完成，模板文件: templates\银豹-采购单模板.xls
2025-05-07 18:47:16,624 - app.core.excel.merger - INFO - 初始化PurchaseOrderMerger
2025-05-07 18:47:16,624 - app.core.excel.merger - INFO - 初始化完成，模板文件: templates\银豹-采购单模板.xls
