2025-05-02 16:10:30,802 - app.core.excel.converter - INFO - 单位转换器初始化完成
2025-05-02 16:11:05,079 - app.core.excel.converter - INFO - 单位转换器初始化完成
2025-05-02 16:15:14,539 - app.core.excel.converter - INFO - 单位转换器初始化完成
2025-05-02 16:24:57,644 - app.core.excel.converter - INFO - 单位转换器初始化完成
2025-05-02 16:34:26,013 - app.core.excel.converter - INFO - 单位转换器初始化完成
2025-05-02 16:34:29,377 - app.core.excel.converter - INFO - 标准单位转换: 件->瓶, 规格=1*15, 包装数量=15
2025-05-02 16:34:29,378 - app.core.excel.converter - INFO - 标准单位转换: 件->瓶, 规格=1*15, 包装数量=15
2025-05-02 16:34:29,378 - app.core.excel.converter - INFO - 标准单位转换: 件->瓶, 规格=1*15, 包装数量=15
2025-05-02 16:34:29,379 - app.core.excel.converter - INFO - 标准单位转换: 件->瓶, 规格=1*15, 包装数量=15
2025-05-02 16:34:29,380 - app.core.excel.converter - INFO - 标准单位转换: 件->瓶, 规格=1*15, 包装数量=15
2025-05-02 16:34:29,380 - app.core.excel.converter - INFO - 标准单位转换: 件->瓶, 规格=1*15, 包装数量=15
2025-05-02 16:34:29,380 - app.core.excel.converter - INFO - 标准单位转换: 件->瓶, 规格=1*15, 包装数量=15
2025-05-02 16:55:26,480 - app.core.excel.converter - INFO - 单位转换器初始化完成
2025-05-02 17:08:58,655 - app.core.excel.converter - INFO - 单位转换器初始化完成
2025-05-02 17:10:09,223 - app.core.excel.converter - INFO - 单位转换器初始化完成
2025-05-02 17:10:09,805 - app.core.excel.converter - INFO - 标准单位转换: 件->瓶, 规格=1*15, 包装数量=15
2025-05-02 17:10:09,805 - app.core.excel.converter - INFO - 标准单位转换: 件->瓶, 规格=1*15, 包装数量=15
2025-05-02 17:10:09,806 - app.core.excel.converter - INFO - 标准单位转换: 件->瓶, 规格=1*15, 包装数量=15
2025-05-02 17:10:09,806 - app.core.excel.converter - INFO - 标准单位转换: 件->瓶, 规格=1*15, 包装数量=15
2025-05-02 17:10:09,807 - app.core.excel.converter - INFO - 标准单位转换: 件->瓶, 规格=1*15, 包装数量=15
2025-05-02 17:10:09,807 - app.core.excel.converter - INFO - 标准单位转换: 件->瓶, 规格=1*15, 包装数量=15
2025-05-02 17:10:09,807 - app.core.excel.converter - INFO - 标准单位转换: 件->瓶, 规格=1*15, 包装数量=15
2025-05-02 17:16:24,477 - app.core.excel.converter - INFO - 单位转换器初始化完成
2025-05-02 17:16:25,023 - app.core.excel.converter - INFO - 标准单位转换: 件->瓶, 规格=1*15, 包装数量=15
2025-05-02 17:16:25,024 - app.core.excel.converter - INFO - 标准单位转换: 件->瓶, 规格=1*15, 包装数量=15
2025-05-02 17:16:25,024 - app.core.excel.converter - INFO - 标准单位转换: 件->瓶, 规格=1*15, 包装数量=15
2025-05-02 17:16:25,024 - app.core.excel.converter - INFO - 标准单位转换: 件->瓶, 规格=1*15, 包装数量=15
2025-05-02 17:16:25,025 - app.core.excel.converter - INFO - 标准单位转换: 件->瓶, 规格=1*15, 包装数量=15
2025-05-02 17:16:25,025 - app.core.excel.converter - INFO - 标准单位转换: 件->瓶, 规格=1*15, 包装数量=15
2025-05-02 17:16:25,025 - app.core.excel.converter - INFO - 标准单位转换: 件->瓶, 规格=1*15, 包装数量=15
2025-05-02 17:32:36,462 - app.core.excel.converter - INFO - 单位转换器初始化完成
2025-05-02 17:32:37,130 - app.core.excel.converter - INFO - 标准单位转换: 件->瓶, 规格=1*15, 包装数量=15
2025-05-02 17:32:37,130 - app.core.excel.converter - INFO - 标准单位转换: 件->瓶, 规格=1*15, 包装数量=15
2025-05-02 17:32:37,130 - app.core.excel.converter - INFO - 标准单位转换: 件->瓶, 规格=1*15, 包装数量=15
2025-05-02 17:32:37,130 - app.core.excel.converter - INFO - 标准单位转换: 件->瓶, 规格=1*15, 包装数量=15
2025-05-02 17:32:37,131 - app.core.excel.converter - INFO - 标准单位转换: 件->瓶, 规格=1*15, 包装数量=15
2025-05-02 17:32:37,131 - app.core.excel.converter - INFO - 标准单位转换: 件->瓶, 规格=1*15, 包装数量=15
2025-05-02 17:32:37,131 - app.core.excel.converter - INFO - 标准单位转换: 件->瓶, 规格=1*15, 包装数量=15
2025-05-02 17:40:07,687 - app.core.excel.converter - INFO - 单位转换器初始化完成
2025-05-02 17:40:08,377 - app.core.excel.converter - INFO - 标准单位转换: 件->瓶, 规格=1*15, 包装数量=15
2025-05-02 17:40:08,378 - app.core.excel.converter - INFO - 标准单位转换: 件->瓶, 规格=1*15, 包装数量=15
2025-05-02 17:40:08,378 - app.core.excel.converter - INFO - 标准单位转换: 件->瓶, 规格=1*15, 包装数量=15
2025-05-02 17:40:08,379 - app.core.excel.converter - INFO - 标准单位转换: 件->瓶, 规格=1*15, 包装数量=15
2025-05-02 17:40:08,379 - app.core.excel.converter - INFO - 标准单位转换: 件->瓶, 规格=1*15, 包装数量=15
2025-05-02 17:40:08,380 - app.core.excel.converter - INFO - 标准单位转换: 件->瓶, 规格=1*15, 包装数量=15
2025-05-02 17:40:08,380 - app.core.excel.converter - INFO - 标准单位转换: 件->瓶, 规格=1*15, 包装数量=15
2025-05-02 17:42:15,226 - app.core.excel.converter - INFO - 单位转换器初始化完成
2025-05-02 17:42:15,792 - app.core.excel.converter - INFO - 标准单位转换: 件->瓶, 规格=1*15, 包装数量=15
2025-05-02 17:42:15,792 - app.core.excel.converter - INFO - 标准单位转换: 件->瓶, 规格=1*15, 包装数量=15
2025-05-02 17:42:15,792 - app.core.excel.converter - INFO - 标准单位转换: 件->瓶, 规格=1*15, 包装数量=15
2025-05-02 17:42:15,793 - app.core.excel.converter - INFO - 标准单位转换: 件->瓶, 规格=1*15, 包装数量=15
2025-05-02 17:42:15,793 - app.core.excel.converter - INFO - 标准单位转换: 件->瓶, 规格=1*15, 包装数量=15
2025-05-02 17:42:15,794 - app.core.excel.converter - INFO - 标准单位转换: 件->瓶, 规格=1*15, 包装数量=15
2025-05-02 17:42:15,794 - app.core.excel.converter - INFO - 标准单位转换: 件->瓶, 规格=1*15, 包装数量=15
2025-05-02 17:42:15,794 - app.core.excel.converter - INFO - 标准单位转换: 件->瓶, 规格=1*15, 包装数量=15
2025-05-02 17:57:42,343 - app.core.excel.converter - INFO - 解析二级规格: 1*15 -> 1*15
2025-05-02 17:57:42,343 - app.core.excel.converter - INFO - 件单位处理: 数量: 1.0 -> 15.0, 单价: 55.0 -> 3.6666666666666665, 单位: 件 -> 瓶
2025-05-02 17:57:42,343 - app.core.excel.converter - INFO - 解析二级规格: 1*15 -> 1*15
2025-05-02 17:57:42,344 - app.core.excel.converter - INFO - 件单位处理: 数量: 1.0 -> 15.0, 单价: 55.0 -> 3.6666666666666665, 单位: 件 -> 瓶
2025-05-02 17:57:42,344 - app.core.excel.converter - INFO - 解析二级规格: 1*15 -> 1*15
2025-05-02 17:57:42,344 - app.core.excel.converter - INFO - 件单位处理: 数量: 1.0 -> 15.0, 单价: 55.0 -> 3.6666666666666665, 单位: 件 -> 瓶
2025-05-02 17:57:42,344 - app.core.excel.converter - INFO - 解析二级规格: 1*15 -> 1*15
2025-05-02 17:57:42,345 - app.core.excel.converter - INFO - 件单位处理: 数量: 1.0 -> 15.0, 单价: 55.0 -> 3.6666666666666665, 单位: 件 -> 瓶
2025-05-02 17:57:42,345 - app.core.excel.converter - INFO - 解析二级规格: 1*15 -> 1*15
2025-05-02 17:57:42,345 - app.core.excel.converter - INFO - 件单位处理: 数量: 1.0 -> 15.0, 单价: 65.0 -> 4.333333333333333, 单位: 件 -> 瓶
2025-05-02 17:57:42,345 - app.core.excel.converter - INFO - 解析二级规格: 1*15 -> 1*15
2025-05-02 17:57:42,345 - app.core.excel.converter - INFO - 件单位处理: 数量: 1.0 -> 15.0, 单价: 65.0 -> 4.333333333333333, 单位: 件 -> 瓶
2025-05-02 17:57:42,346 - app.core.excel.converter - INFO - 解析二级规格: 1*15 -> 1*15
2025-05-02 17:57:42,346 - app.core.excel.converter - INFO - 件单位处理: 数量: 1.0 -> 15.0, 单价: 0 -> 0, 单位: 件 -> 瓶
2025-05-02 17:57:42,346 - app.core.excel.converter - INFO - 解析二级规格: 1*15 -> 1*15
2025-05-02 17:57:42,346 - app.core.excel.converter - INFO - 件单位处理: 数量: 1.0 -> 15.0, 单价: 0 -> 0, 单位: 件 -> 瓶
2025-05-02 18:27:30,825 - app.core.excel.converter - INFO - 解析二级规格: 1*15 -> 1*15
2025-05-02 18:27:30,825 - app.core.excel.converter - INFO - 件单位处理: 数量: 1.0 -> 15.0, 单价: 55.0 -> 3.6666666666666665, 单位: 件 -> 瓶
2025-05-02 18:27:30,826 - app.core.excel.converter - INFO - 特殊条码处理: 6925019900087, 数量: 1.0 -> 10.0, 单价: 55.0 -> 5.5, 单位: 副 -> 瓶
2025-05-02 18:27:30,826 - app.core.excel.converter - INFO - 解析二级规格: 1*15 -> 1*15
2025-05-02 18:27:30,826 - app.core.excel.converter - INFO - 件单位处理: 数量: 1.0 -> 15.0, 单价: 55.0 -> 3.6666666666666665, 单位: 件 -> 瓶
2025-05-02 18:27:30,827 - app.core.excel.converter - INFO - 解析二级规格: 1*15 -> 1*15
2025-05-02 18:27:30,827 - app.core.excel.converter - INFO - 件单位处理: 数量: 1.0 -> 15.0, 单价: 55.0 -> 3.6666666666666665, 单位: 件 -> 瓶
2025-05-02 18:27:30,827 - app.core.excel.converter - INFO - 解析二级规格: 1*15 -> 1*15
2025-05-02 18:27:30,827 - app.core.excel.converter - INFO - 件单位处理: 数量: 1.0 -> 15.0, 单价: 65.0 -> 4.333333333333333, 单位: 件 -> 瓶
2025-05-02 18:27:30,828 - app.core.excel.converter - INFO - 解析三级规格: 1*6*15 -> 1*6*15
2025-05-02 18:27:30,828 - app.core.excel.converter - INFO - 提/盒单位(三级规格)处理: 数量: 1.0 -> 90.0, 单价: 65.0 -> 0.7222222222222222, 单位: 提 -> 瓶
2025-05-02 18:27:30,828 - app.core.excel.converter - INFO - 解析二级规格: 1*15 -> 1*15
2025-05-02 18:27:30,828 - app.core.excel.converter - INFO - 件单位处理: 数量: 1.0 -> 15.0, 单价: 0 -> 0, 单位: 件 -> 瓶
2025-05-02 18:27:30,829 - app.core.excel.converter - INFO - 解析二级规格: 1*15 -> 1*15
2025-05-02 18:27:30,829 - app.core.excel.converter - INFO - 件单位处理: 数量: 1.0 -> 15.0, 单价: 0 -> 0, 单位: 件 -> 瓶
2025-05-02 18:31:29,887 - app.core.excel.converter - INFO - 解析二级规格: 1*15 -> 1*15
2025-05-02 18:31:29,887 - app.core.excel.converter - INFO - 件单位处理: 数量: 1.0 -> 15.0, 单价: 55.0 -> 3.6666666666666665, 单位: 件 -> 瓶
2025-05-02 18:31:29,887 - app.core.excel.converter - INFO - 特殊条码处理: 6925019900087, 数量: 1.0 -> 10.0, 单价: 55.0 -> 5.5, 单位: 副 -> 瓶
2025-05-02 18:31:29,888 - app.core.excel.converter - INFO - 解析二级规格: 1*15 -> 1*15
2025-05-02 18:31:29,888 - app.core.excel.converter - INFO - 件单位处理: 数量: 1.0 -> 15.0, 单价: 55.0 -> 3.6666666666666665, 单位: 件 -> 瓶
2025-05-02 18:31:29,888 - app.core.excel.converter - INFO - 解析二级规格: 1*15 -> 1*15
2025-05-02 18:31:29,888 - app.core.excel.converter - INFO - 件单位处理: 数量: 1.0 -> 15.0, 单价: 55.0 -> 3.6666666666666665, 单位: 件 -> 瓶
2025-05-02 18:31:29,889 - app.core.excel.converter - INFO - 解析二级规格: 1*15 -> 1*15
2025-05-02 18:31:29,889 - app.core.excel.converter - INFO - 件单位处理: 数量: 1.0 -> 15.0, 单价: 65.0 -> 4.333333333333333, 单位: 件 -> 瓶
2025-05-02 18:31:29,889 - app.core.excel.converter - INFO - 解析三级规格: 1*6*15 -> 1*6*15
2025-05-02 18:31:29,890 - app.core.excel.converter - INFO - 提/盒单位(三级规格)处理: 数量: 1.0 -> 90.0, 单价: 65.0 -> 0.7222222222222222, 单位: 提 -> 瓶
2025-05-02 18:31:29,890 - app.core.excel.converter - INFO - 解析二级规格: 1*15 -> 1*15
2025-05-02 18:31:29,890 - app.core.excel.converter - INFO - 件单位处理: 数量: 1.0 -> 15.0, 单价: 0 -> 0, 单位: 件 -> 瓶
2025-05-02 18:31:29,891 - app.core.excel.converter - INFO - 解析二级规格: 1*15 -> 1*15
2025-05-02 18:31:29,891 - app.core.excel.converter - INFO - 件单位处理: 数量: 1.0 -> 15.0, 单价: 0 -> 0, 单位: 件 -> 瓶
2025-05-02 18:31:29,891 - app.core.excel.converter - INFO - 解析三级规格: 1*9*8 -> 1*9*8
2025-05-02 18:31:29,896 - app.core.excel.converter - INFO - 提/盒单位(三级规格)处理: 数量: 1.0 -> 72.0, 单价: 16.0 -> 0.2222222222222222, 单位: 盒 -> 瓶
2025-05-02 18:33:05,848 - app.core.excel.converter - INFO - 解析二级规格: 1*15 -> 1*15
2025-05-02 18:33:05,848 - app.core.excel.converter - INFO - 件单位处理: 数量: 1.0 -> 15.0, 单价: 55.0 -> 3.6666666666666665, 单位: 件 -> 瓶
2025-05-02 18:33:05,849 - app.core.excel.converter - INFO - 特殊条码处理: 6925019900087, 数量: 1.0 -> 10.0, 单价: 55.0 -> 5.5, 单位: 副 -> 瓶
2025-05-02 18:33:05,849 - app.core.excel.converter - INFO - 解析二级规格: 1*15 -> 1*15
2025-05-02 18:33:05,849 - app.core.excel.converter - INFO - 件单位处理: 数量: 1.0 -> 15.0, 单价: 55.0 -> 3.6666666666666665, 单位: 件 -> 瓶
2025-05-02 18:33:05,850 - app.core.excel.converter - INFO - 解析二级规格: 1*15 -> 1*15
2025-05-02 18:33:05,850 - app.core.excel.converter - INFO - 件单位处理: 数量: 1.0 -> 15.0, 单价: 55.0 -> 3.6666666666666665, 单位: 件 -> 瓶
2025-05-02 18:33:05,851 - app.core.excel.converter - INFO - 解析二级规格: 1*15 -> 1*15
2025-05-02 18:33:05,851 - app.core.excel.converter - INFO - 件单位处理: 数量: 1.0 -> 15.0, 单价: 65.0 -> 4.333333333333333, 单位: 件 -> 瓶
2025-05-02 18:33:05,851 - app.core.excel.converter - INFO - 解析三级规格: 1*6*15 -> 1*6*15
2025-05-02 18:33:05,851 - app.core.excel.converter - INFO - 提/盒单位(三级规格)处理: 数量: 1.0 -> 90.0, 单价: 65.0 -> 0.7222222222222222, 单位: 提 -> 瓶
2025-05-02 18:33:05,851 - app.core.excel.converter - INFO - 解析二级规格: 1*15 -> 1*15
2025-05-02 18:33:05,851 - app.core.excel.converter - INFO - 件单位处理: 数量: 1.0 -> 15.0, 单价: 0 -> 0, 单位: 件 -> 瓶
2025-05-02 18:33:05,852 - app.core.excel.converter - INFO - 解析二级规格: 1*15 -> 1*15
2025-05-02 18:33:05,852 - app.core.excel.converter - INFO - 件单位处理: 数量: 1.0 -> 15.0, 单价: 0 -> 0, 单位: 件 -> 瓶
2025-05-02 18:33:05,852 - app.core.excel.converter - INFO - 解析三级规格: 1*9*8 -> 1*9*8
2025-05-02 18:33:05,865 - app.core.excel.converter - INFO - 提/盒单位(三级规格)处理: 数量: 1.0 -> 72.0, 单价: 16.0 -> 0.2222222222222222, 单位: 盒 -> 瓶
2025-05-02 18:38:53,628 - app.core.excel.converter - INFO - 解析二级规格: 1*15 -> 1*15
2025-05-02 18:38:53,628 - app.core.excel.converter - INFO - 件单位处理: 数量: 1.0 -> 15.0, 单价: 55.0 -> 3.6666666666666665, 单位: 件 -> 瓶
2025-05-02 18:38:53,630 - app.core.excel.converter - INFO - 特殊条码处理: 6925019900087, 数量: 1.0 -> 10.0, 单价: 55.0 -> 5.5, 单位: 副 -> 瓶
2025-05-02 18:38:53,630 - app.core.excel.converter - INFO - 解析二级规格: 1*15 -> 1*15
2025-05-02 18:38:53,631 - app.core.excel.converter - INFO - 件单位处理: 数量: 1.0 -> 15.0, 单价: 55.0 -> 3.6666666666666665, 单位: 件 -> 瓶
2025-05-02 18:38:53,632 - app.core.excel.converter - INFO - 解析二级规格: 1*15 -> 1*15
2025-05-02 18:38:53,632 - app.core.excel.converter - INFO - 件单位处理: 数量: 1.0 -> 15.0, 单价: 55.0 -> 3.6666666666666665, 单位: 件 -> 瓶
2025-05-02 18:38:53,634 - app.core.excel.converter - INFO - 解析二级规格: 1*15 -> 1*15
2025-05-02 18:38:53,635 - app.core.excel.converter - INFO - 件单位处理: 数量: 1.0 -> 15.0, 单价: 65.0 -> 4.333333333333333, 单位: 件 -> 瓶
2025-05-02 18:38:53,636 - app.core.excel.converter - INFO - 解析三级规格: 1*6*15 -> 1*6*15
2025-05-02 18:38:53,636 - app.core.excel.converter - INFO - 提/盒单位(三级规格)处理: 数量: 1.0 -> 15.0, 单价: 65.0 -> 4.333333333333333, 单位: 提 -> 瓶
2025-05-02 18:38:53,637 - app.core.excel.converter - INFO - 解析二级规格: 1*15 -> 1*15
2025-05-02 18:38:53,638 - app.core.excel.converter - INFO - 件单位处理: 数量: 1.0 -> 15.0, 单价: 0 -> 0, 单位: 件 -> 瓶
2025-05-02 18:38:53,640 - app.core.excel.converter - INFO - 解析二级规格: 1*15 -> 1*15
2025-05-02 18:38:53,640 - app.core.excel.converter - INFO - 件单位处理: 数量: 1.0 -> 15.0, 单价: 0 -> 0, 单位: 件 -> 瓶
2025-05-02 18:38:53,666 - app.core.excel.converter - INFO - 解析三级规格: 1*9*8 -> 1*9*8
2025-05-02 18:38:53,666 - app.core.excel.converter - INFO - 提/盒单位(三级规格)处理: 数量: 1.0 -> 8.0, 单价: 16.0 -> 2.0, 单位: 盒 -> 瓶
2025-05-02 18:41:17,311 - app.core.excel.converter - INFO - 从名称推断规格(入): 无糖茶栀栀乌龙*15入纸箱 -> 1*5
2025-05-02 18:41:17,311 - app.core.excel.converter - INFO - 解析二级规格: 1*5 -> 1*5
2025-05-02 18:41:17,311 - app.core.excel.converter - INFO - 件单位处理: 数量: 1.0 -> 5.0, 单价: 55.0 -> 11.0, 单位: 件 -> 瓶
2025-05-02 18:41:17,312 - app.core.excel.converter - INFO - 从名称推断规格(入): 无糖茶茉莉龙井16入纸箱 -> 1*6
2025-05-02 18:41:17,312 - app.core.excel.converter - INFO - 特殊条码处理: 6925019900087, 数量: 1.0 -> 10.0, 单价: 55.0 -> 5.5, 单位: 副 -> 瓶
2025-05-02 18:41:17,314 - app.core.excel.converter - INFO - 从名称推断规格(入): 450ml轻乳茶大红袍乌龙12入纸箱 -> 1*2
2025-05-02 18:41:17,315 - app.core.excel.converter - INFO - 解析二级规格: 1*2 -> 1*2
2025-05-02 18:41:17,315 - app.core.excel.converter - INFO - 提/盒单位(二级规格)处理: 保持原样 数量: 1.0, 单价: 65.0, 单位: 提
